<?xml version="1.0" encoding="UTF-8"?>
<!-- Generated by org.testng.reporters.JUnitXMLReporter -->
<testsuite ignored="1" hostname="DeWaNsHus-MacBook-Air-2.local" failures="0" tests="1" name="Surefire test" time="0.016" errors="0" timestamp="2025-04-27T16:09:58 IST">
  <testcase classname="base.BaseTest" name="@BeforeMethod setup" time="0.005">
    <failure type="java.lang.NullPointerException" message="Cannot invoke &amp;quot;String.equalsIgnoreCase(String)&amp;quot; because &amp;quot;browser&amp;quot; is null">
      <![CDATA[java.lang.NullPointerException: Cannot invoke "String.equalsIgnoreCase(String)" because "browser" is null
at base.DriverFactory.initDriver(DriverFactory.java:17)
at base.BaseTest.setup(BaseTest.java:16)
at java.base/java.util.ArrayList.forEach(ArrayList.java:1597)
... Removed 34 stack frames]]>
    </failure>
  </testcase> <!-- @BeforeMethod setup -->
  <testcase classname="base.BaseTest" name="@AfterMethod tearDown" time="0.0">
    <skipped/>
  </testcase> <!-- @AfterMethod tearDown -->
  <testcase classname="tests.web.HomePageTest" name="validateNavigationToServices" time="0.0">
    <skipped/>
  </testcase> <!-- validateNavigationToServices -->
  <testcase classname="tests.mobile.MobileWebRealDeviceTest" name="testMainCat" time="0.0">
    <ignored/>
  </testcase> <!-- testMainCat -->
</testsuite> <!-- Surefire test -->
